#
# A fatal error has been detected by the Java Runtime Environment:
#
#  EXCEPTION_ACCESS_VIOLATION (0xc0000005) at pc=0x00007ffc8b00c07e, pid=21040, tid=15992
#
# JRE version: OpenJDK Runtime Environment Temurin-21.0.8+9 (21.0.8+9) (build 21.0.8+9-LTS)
# Java VM: OpenJDK 64-Bit Server VM Temurin-21.0.8+9 (21.0.8+9-LTS, mixed mode, sharing, tiered, compressed oops, compressed class ptrs, parallel gc, windows-amd64)
# Problematic frame:
# V  [jvm.dll+0x6ac07e]
#
# No core dump will be written. Minidumps are not enabled by default on client versions of Windows
#
# If you would like to submit a bug report, please visit:
#   https://github.com/adoptium/adoptium-support/issues
#

---------------  S U M M A R Y ------------

Command Line: --add-modules=ALL-SYSTEM --add-opens=java.base/java.util=ALL-UNNAMED --add-opens=java.base/java.lang=ALL-UNNAMED --add-opens=java.base/sun.nio.fs=ALL-UNNAMED -Declipse.application=org.eclipse.jdt.ls.core.id1 -Dosgi.bundles.defaultStartLevel=4 -Declipse.product=org.eclipse.jdt.ls.core.product -Djava.import.generatesMetadataFilesAtProjectRoot=false -DDetectVMInstallationsJob.disabled=true -Dfile.encoding=utf8 -XX:+UseParallelGC -XX:GCTimeRatio=4 -XX:AdaptiveSizePolicyWeight=90 -Dsun.zip.disableMemoryMapping=true -Xmx2G -Xms100m -Xlog:disable -javaagent:c:\Users\User\.vscode\extensions\redhat.java-1.46.0-win32-x64\lombok\lombok-1.18.39-4050.jar -XX:+HeapDumpOnOutOfMemoryError -XX:HeapDumpPath=c:\Users\User\AppData\Roaming\Code\User\workspaceStorage\bf3adda8f94aa8ad94b22bc328ceb9b2\redhat.java -Daether.dependencyCollector.impl=bf c:\Users\User\.vscode\extensions\redhat.java-1.46.0-win32-x64\server\plugins\org.eclipse.equinox.launcher_1.7.0.v20250519-0528.jar -configuration c:\Users\User\AppData\Roaming\Code\User\globalStorage\redhat.java\1.46.0\config_win -data c:\Users\User\AppData\Roaming\Code\User\workspaceStorage\bf3adda8f94aa8ad94b22bc328ceb9b2\redhat.java\jdt_ws --pipe=\\.\pipe\lsp-ac423103ad6b97e8d187c58e343adf08-sock

Host: Intel(R) Core(TM) i7-14700K, 28 cores, 31G,  Windows 11 , 64 bit Build 26100 (10.0.26100.6725)
Time: Sun Oct 19 20:28:04 2025 Bangladesh Standard Time elapsed time: 336.125130 seconds (0d 0h 5m 36s)

---------------  T H R E A D  ---------------

Current thread (0x00000207f352b630):  JavaThread "C2 CompilerThread0" daemon [_thread_in_native, id=15992, stack(0x000000fb10700000,0x000000fb10800000) (1024K)]


Current CompileTask:
C2:336125 17961   !   4       org.eclipse.core.internal.localstore.FileSystemResourceManager::getStore (32 bytes)

Stack: [0x000000fb10700000,0x000000fb10800000],  sp=0x000000fb107fc6f0,  free space=1009k
Native frames: (J=compiled Java code, j=interpreted, Vv=VM code, C=native code)
V  [jvm.dll+0x6ac07e]
V  [jvm.dll+0x6a3f2]
V  [jvm.dll+0x6fd5b]
V  [jvm.dll+0x6dab5f]
V  [jvm.dll+0x6d7770]
V  [jvm.dll+0x24929d]
V  [jvm.dll+0x2484af]
V  [jvm.dll+0x1c89ee]
V  [jvm.dll+0x257d4d]
V  [jvm.dll+0x2562ea]
V  [jvm.dll+0x3f2d16]
V  [jvm.dll+0x857e6b]
V  [jvm.dll+0x6d0b0d]
C  [ucrtbase.dll+0x37b0]
C  [KERNEL32.DLL+0x2e8d7]
C  [ntdll.dll+0x8c53c]


siginfo: EXCEPTION_ACCESS_VIOLATION (0xc0000005), writing address 0x00007ffc8b2c90b0


Registers:
RAX=0x0000000000000000, RBX=0x00000207fc0dab10, RCX=0x0000000000000004, RDX=0x00007ffc8b2c9090
RSP=0x000000fb107fc6f0, RBP=0x00000207fc0dab10, RSI=0x00000207c1905f38, RDI=0x00000207fc0dab18
R8 =0x0000000000000004, R9 =0x00007ffc8ab896e0, R10=0x000000fb107fe1f0, R11=0x0000000000000001
R12=0x0000000000000006, R13=0x0000000000000021, R14=0x00000207fc0daa01, R15=0x0000000000000005
RIP=0x00007ffc8b00c07e, EFLAGS=0x0000000000010246

XMM[0]=0x0000000000000000 0x0000000000000000
XMM[1]=0x00000207f61438b8 0x00000207f6143a40
XMM[2]=0x00000207f6145578 0x00000207f61454d8
XMM[3]=0x0000000000000000 0x0000000000000000
XMM[4]=0x0000000000000000 0x0000000000000000
XMM[5]=0x0000000000000000 0x0000000000000000
XMM[6]=0x0000000000000000 0x0000000000000000
XMM[7]=0x0000000000000000 0x0000000000000000
XMM[8]=0x0000000000000000 0x0000000000000000
XMM[9]=0x0000000000000000 0x0000000000000000
XMM[10]=0x0000000000000000 0x0000000000000000
XMM[11]=0x0000000000000000 0x0000000000000000
XMM[12]=0x0000000000000000 0x0000000000000000
XMM[13]=0x0000000000000000 0x0000000000000000
XMM[14]=0x0000000000000000 0x0000000000000000
XMM[15]=0x0000000000000000 0x0000000000000000
  MXCSR=0x00001fa0


Register to memory mapping:

RAX=0x0 is null
RBX=0x00000207fc0dab10 points into unknown readable memory: 0x00007ffc8b2c9090 | 90 90 2c 8b fc 7f 00 00
RCX=0x0000000000000004 is an unknown value
RDX=0x00007ffc8b2c9090 jvm.dll
RSP=0x000000fb107fc6f0 is pointing into the stack for thread: 0x00000207f352b630
RBP=0x00000207fc0dab10 points into unknown readable memory: 0x00007ffc8b2c9090 | 90 90 2c 8b fc 7f 00 00
RSI=0x00000207c1905f38 points into unknown readable memory: 0x00007ffc8b34c048 | 48 c0 34 8b fc 7f 00 00
RDI=0x00000207fc0dab18 points into unknown readable memory: 0x00000207fc0dab68 | 68 ab 0d fc 07 02 00 00
R8 =0x0000000000000004 is an unknown value
R9 =0x00007ffc8ab896e0 jvm.dll
R10=0x000000fb107fe1f0 is pointing into the stack for thread: 0x00000207f352b630
R11=0x0000000000000001 is an unknown value
R12=0x0000000000000006 is an unknown value
R13=0x0000000000000021 is an unknown value
R14=0x00000207fc0daa01 points into unknown readable memory: 00 00 00 00 00 00 00
R15=0x0000000000000005 is an unknown value

Top of Stack: (sp=0x000000fb107fc6f0)
0x000000fb107fc6f0:   00000207fc0dab10 00000207c1905f38
0x000000fb107fc700:   0000000000000006 0000000000000000
0x000000fb107fc710:   00000207c1905c68 00007ffc8a9ca3f2
0x000000fb107fc720:   0000000000000000 0000000000000000
0x000000fb107fc730:   00000207fc0dab10 0000000000000000
0x000000fb107fc740:   00000207fc0daa01 00007ffc8a9cfd5b
0x000000fb107fc750:   00000207fc0dab10 0000000000000053
0x000000fb107fc760:   00000207c1905c68 00000207c1905c68
0x000000fb107fc770:   00000207feb4925c 00007ffc8b03ab5f
0x000000fb107fc780:   000000fb107fce80 0000000000000002
0x000000fb107fc790:   00000207c1905bb0 00000207feb49258
0x000000fb107fc7a0:   000000bc00000001 000000570000013b
0x000000fb107fc7b0:   fffffffffffffe38 fffffffffffffe38
0x000000fb107fc7c0:   0000007200000720 00000000000002b8
0x000000fb107fc7d0:   fffffffffffffc68 00000207feb48ec8
0x000000fb107fc7e0:   00000207feb49490 00000207feb49100
0x000000fb107fc7f0:   00000207feb492c8 00000207c1905fa8
0x000000fb107fc800:   0000000000000030 0000000000000390
0x000000fb107fc810:   00000000000001c8 00000207feb48d68
0x000000fb107fc820:   0000000000000000 0000000000000000
0x000000fb107fc830:   0000000000000010 00007ffc8ab8cb00
0x000000fb107fc840:   00007ffc8b615358 00007ffc8b3ecc88
0x000000fb107fc850:   0000000000000000 0000000000000000
0x000000fb107fc860:   0000000000000000 00007ffc8b3ecc88
0x000000fb107fc870:   00000207f34ff100 00007ffc8b038a3f
0x000000fb107fc880:   0000000000000000 0000000000000072
0x000000fb107fc890:   00000207fc0da298 0000000000000000
0x000000fb107fc8a0:   0000000000000070 00000207c1909448
0x000000fb107fc8b0:   00000207feb48d68 000000fb107fd270
0x000000fb107fc8c0:   00000207fbd60220 00007ffc8b037770
0x000000fb107fc8d0:   000000fb107fd270 00000207feb48d68
0x000000fb107fc8e0:   00007ffc8b3eca01 0000000000000757 

Instructions: (pc=0x00007ffc8b00c07e)
0x00007ffc8b00bf7e:   cc cc 48 89 5c 24 08 48 89 74 24 10 57 48 83 ec
0x00007ffc8b00bf8e:   20 48 8b da 48 8b f1 8b 51 1c 39 51 18 73 0f 48
0x00007ffc8b00bf9e:   8b 41 08 44 8d 42 ff 4a 83 3c c0 00 74 07 ff c2
0x00007ffc8b00bfae:   e8 fd 15 00 00 8b 4e 18 4c 8b 46 08 49 8b 14 c8
0x00007ffc8b00bfbe:   48 85 d2 74 10 48 3b d3 74 42 ff c1 49 8b 14 c8
0x00007ffc8b00bfce:   48 85 d2 75 f0 49 89 1c c8 48 85 db 74 0b 48 8b
0x00007ffc8b00bfde:   d6 48 8b cb e8 a9 0f 9e ff 8b 0d fb 94 63 00 65
0x00007ffc8b00bfee:   48 8b 04 25 58 00 00 00 ba 70 00 00 00 48 8b 04
0x00007ffc8b00bffe:   c8 80 3c 02 00 75 05 e8 26 0f 2a 00 48 8b 5c 24
0x00007ffc8b00c00e:   30 48 8b 74 24 38 48 83 c4 20 5f c3 cc cc cc cc
0x00007ffc8b00c01e:   cc cc 48 89 5c 24 08 48 89 74 24 10 57 48 83 ec
0x00007ffc8b00c02e:   20 48 8b f2 48 8d 79 08 8b 51 1c 48 8b d9 39 51
0x00007ffc8b00c03e:   18 73 0d 48 8b 07 8d 4a ff 48 83 3c c8 00 74 0a
0x00007ffc8b00c04e:   ff c2 48 8b cb e8 58 15 00 00 8b 4b 18 48 8b 17
0x00007ffc8b00c05e:   4c 8b 0c ca 4d 85 c9 74 1b 44 8b 43 1c 41 3b c8
0x00007ffc8b00c06e:   73 0e 48 83 3c ca 00 74 07 ff c1 41 3b c8 72 f2
0x00007ffc8b00c07e:   4c 89 0c ca 8b 4b 18 48 8b 07 48 89 34 c8 ff 43
0x00007ffc8b00c08e:   18 48 85 f6 74 0b 48 8b d3 48 8b ce e8 f1 0e 9e
0x00007ffc8b00c09e:   ff 8b 0d 43 94 63 00 65 48 8b 04 25 58 00 00 00
0x00007ffc8b00c0ae:   ba 70 00 00 00 48 8b 04 c8 80 3c 02 00 75 05 e8
0x00007ffc8b00c0be:   6e 0e 2a 00 48 8b 5c 24 30 48 8b 74 24 38 48 83
0x00007ffc8b00c0ce:   c4 20 5f c3 cc cc cc cc cc cc cc cc cc cc cc cc
0x00007ffc8b00c0de:   cc cc 40 53 56 57 48 83 ec 40 41 8b f0 48 8b da
0x00007ffc8b00c0ee:   48 8b f9 41 83 f8 01 7f 15 45 85 c0 0f 84 56 02
0x00007ffc8b00c0fe:   00 00 48 83 c4 40 5f 5e 5b e9 14 ff ff ff 8b 51
0x00007ffc8b00c10e:   1c 8b 49 18 4c 89 64 24 68 03 ce 4c 89 6c 24 70
0x00007ffc8b00c11e:   4c 89 74 24 38 3b ca 77 0f 48 8b 47 08 8b ca 2b
0x00007ffc8b00c12e:   ce 48 83 3c c8 00 74 0a 03 d6 48 8b cf e8 70 14
0x00007ffc8b00c13e:   00 00 44 8b 57 18 4c 8b 4f 08 4b 83 3c d1 00 74
0x00007ffc8b00c14e:   65 8b 57 1c 41 8b ca 44 3b d2 73 15 66 0f 1f 44
0x00007ffc8b00c15e:   00 00 8b c1 49 83 3c c1 00 74 06 ff c1 3b ca 72
0x00007ffc8b00c16e:   f1 41 2b ca 8b d1 74 3e 4d 8d 42 ff 4c 03 c2 41 


Stack slot to memory mapping:

stack at sp + 0 slots: 0x00000207fc0dab10 points into unknown readable memory: 0x00007ffc8b2c9090 | 90 90 2c 8b fc 7f 00 00
stack at sp + 1 slots: 0x00000207c1905f38 points into unknown readable memory: 0x00007ffc8b34c048 | 48 c0 34 8b fc 7f 00 00
stack at sp + 2 slots: 0x0000000000000006 is an unknown value
stack at sp + 3 slots: 0x0 is null
stack at sp + 4 slots: 0x00000207c1905c68 points into unknown readable memory: 0x00007ffc8b307bd0 | d0 7b 30 8b fc 7f 00 00
stack at sp + 5 slots: 0x00007ffc8a9ca3f2 jvm.dll
stack at sp + 6 slots: 0x0 is null
stack at sp + 7 slots: 0x0 is null


---------------  P R O C E S S  ---------------

Threads class SMR info:
_java_thread_list=0x00000207fcf85da0, length=73, elements={
0x00000207db3aa1b0, 0x00000207f35007d0, 0x00000207f35016e0, 0x00000207f35071a0,
0x00000207f3508070, 0x00000207f350a470, 0x00000207f35156f0, 0x00000207f352b630,
0x00000207f352e530, 0x00000207f35149d0, 0x00000207f3512f90, 0x00000207f3515060,
0x00000207f3515d80, 0x00000207f3513cb0, 0x00000207f3513620, 0x00000207f3516410,
0x00000207f3514340, 0x00000207f623ec80, 0x00000207f6241a70, 0x00000207f6242100,
0x00000207f62406c0, 0x00000207f623f310, 0x00000207f6242e20, 0x00000207f6242790,
0x00000207f623f9a0, 0x00000207f62434b0, 0x00000207f6240030, 0x00000207f62441d0,
0x00000207f6244ef0, 0x00000207f6245580, 0x00000207f6244860, 0x00000207f6245c10,
0x00000207f62462a0, 0x00000207f6243b40, 0x00000207feacb370, 0x00000207feacc720,
0x00000207feacba00, 0x00000207feaca650, 0x00000207feacace0, 0x00000207feacc090,
0x00000207feaccdb0, 0x00000207feac9930, 0x00000207feacd440, 0x00000207feac9fc0,
0x00000207feacee80, 0x00000207fead0f50, 0x00000207feacf510, 0x00000207fead08c0,
0x00000207feace160, 0x00000207feacdad0, 0x00000207feace7f0, 0x00000207feacfba0,
0x00000207fead0230, 0x00000207fe9fcf00, 0x00000207fe9fc1e0, 0x00000207fe9fdc20,
0x00000207fe9fd590, 0x00000207fe9fefd0, 0x00000207fe9fe940, 0x00000207fe9ff660,
0x00000207fe9ffcf0, 0x00000207fe9fc870, 0x00000207fea00380, 0x00000207fea01dc0,
0x00000207fea010a0, 0x00000207fea01730, 0x00000207fea02450, 0x00000207fea03170,
0x00000207c1df00b0, 0x00000207c1df2810, 0x00000207c1defa20, 0x00000207c1df4250,
0x00000207f6175830
}

Java Threads: ( => current thread )
  0x00000207db3aa1b0 JavaThread "main"                              [_thread_blocked, id=13652, stack(0x000000fb0fd00000,0x000000fb0fe00000) (1024K)]
  0x00000207f35007d0 JavaThread "Reference Handler"          daemon [_thread_blocked, id=4276, stack(0x000000fb10100000,0x000000fb10200000) (1024K)]
  0x00000207f35016e0 JavaThread "Finalizer"                  daemon [_thread_blocked, id=10384, stack(0x000000fb10200000,0x000000fb10300000) (1024K)]
  0x00000207f35071a0 JavaThread "Signal Dispatcher"          daemon [_thread_blocked, id=10456, stack(0x000000fb10300000,0x000000fb10400000) (1024K)]
  0x00000207f3508070 JavaThread "Attach Listener"            daemon [_thread_blocked, id=19976, stack(0x000000fb10400000,0x000000fb10500000) (1024K)]
  0x00000207f350a470 JavaThread "Service Thread"             daemon [_thread_blocked, id=16504, stack(0x000000fb10500000,0x000000fb10600000) (1024K)]
  0x00000207f35156f0 JavaThread "Monitor Deflation Thread"   daemon [_thread_blocked, id=2928, stack(0x000000fb10600000,0x000000fb10700000) (1024K)]
=>0x00000207f352b630 JavaThread "C2 CompilerThread0"         daemon [_thread_in_native, id=15992, stack(0x000000fb10700000,0x000000fb10800000) (1024K)]
  0x00000207f352e530 JavaThread "C1 CompilerThread0"         daemon [_thread_blocked, id=10276, stack(0x000000fb10800000,0x000000fb10900000) (1024K)]
  0x00000207f35149d0 JavaThread "Common-Cleaner"             daemon [_thread_blocked, id=19024, stack(0x000000fb10a00000,0x000000fb10b00000) (1024K)]
  0x00000207f3512f90 JavaThread "Notification Thread"        daemon [_thread_blocked, id=18248, stack(0x000000fb10e00000,0x000000fb10f00000) (1024K)]
  0x00000207f3515060 JavaThread "Active Thread: Equinox Container: 1206426c-ed38-404d-8dcd-a39303db1f7a"        [_thread_blocked, id=3320, stack(0x000000fb11800000,0x000000fb11900000) (1024K)]
  0x00000207f3515d80 JavaThread "Refresh Thread: Equinox Container: 1206426c-ed38-404d-8dcd-a39303db1f7a" daemon [_thread_blocked, id=3040, stack(0x000000fb10f00000,0x000000fb11000000) (1024K)]
  0x00000207f3513cb0 JavaThread "Framework Event Dispatcher: Equinox Container: 1206426c-ed38-404d-8dcd-a39303db1f7a" daemon [_thread_blocked, id=4808, stack(0x000000fb11600000,0x000000fb11700000) (1024K)]
  0x00000207f3513620 JavaThread "Start Level: Equinox Container: 1206426c-ed38-404d-8dcd-a39303db1f7a" daemon [_thread_blocked, id=14368, stack(0x000000fb11700000,0x000000fb11800000) (1024K)]
  0x00000207f3516410 JavaThread "Bundle File Closer"         daemon [_thread_blocked, id=4164, stack(0x000000fb11c00000,0x000000fb11d00000) (1024K)]
  0x00000207f3514340 JavaThread "SCR Component Actor"        daemon [_thread_blocked, id=1936, stack(0x000000fb11a00000,0x000000fb11b00000) (1024K)]
  0x00000207f623ec80 JavaThread "Worker-JM"                         [_thread_blocked, id=7264, stack(0x000000fb12000000,0x000000fb12100000) (1024K)]
  0x00000207f6241a70 JavaThread "JNA Cleaner"                daemon [_thread_blocked, id=10588, stack(0x000000fb12400000,0x000000fb12500000) (1024K)]
  0x00000207f6242100 JavaThread "Worker-0"                          [_thread_blocked, id=9924, stack(0x000000fb12500000,0x000000fb12600000) (1024K)]
  0x00000207f62406c0 JavaThread "Worker-1"                          [_thread_blocked, id=13320, stack(0x000000fb12600000,0x000000fb12700000) (1024K)]
  0x00000207f623f310 JavaThread "Java indexing"              daemon [_thread_blocked, id=10320, stack(0x000000fb12c00000,0x000000fb12d00000) (1024K)]
  0x00000207f6242e20 JavaThread "Thread-1"                   daemon [_thread_in_native, id=18744, stack(0x000000fb13400000,0x000000fb13500000) (1024K)]
  0x00000207f6242790 JavaThread "Thread-2"                   daemon [_thread_in_native, id=22212, stack(0x000000fb13500000,0x000000fb13600000) (1024K)]
  0x00000207f623f9a0 JavaThread "Thread-3"                   daemon [_thread_in_native, id=2592, stack(0x000000fb13600000,0x000000fb13700000) (1024K)]
  0x00000207f62434b0 JavaThread "Thread-4"                   daemon [_thread_in_native, id=21604, stack(0x000000fb13700000,0x000000fb13800000) (1024K)]
  0x00000207f6240030 JavaThread "Thread-5"                   daemon [_thread_in_native, id=2320, stack(0x000000fb13800000,0x000000fb13900000) (1024K)]
  0x00000207f62441d0 JavaThread "Thread-6"                   daemon [_thread_in_native, id=5704, stack(0x000000fb13900000,0x000000fb13a00000) (1024K)]
  0x00000207f6244ef0 JavaThread "Thread-7"                   daemon [_thread_in_native, id=6700, stack(0x000000fb13a00000,0x000000fb13b00000) (1024K)]
  0x00000207f6245580 JavaThread "Thread-8"                   daemon [_thread_in_native, id=17316, stack(0x000000fb13b00000,0x000000fb13c00000) (1024K)]
  0x00000207f6244860 JavaThread "Thread-9"                   daemon [_thread_in_native, id=8528, stack(0x000000fb13c00000,0x000000fb13d00000) (1024K)]
  0x00000207f6245c10 JavaThread "Thread-10"                  daemon [_thread_in_native, id=13904, stack(0x000000fb13d00000,0x000000fb13e00000) (1024K)]
  0x00000207f62462a0 JavaThread "Thread-11"                  daemon [_thread_in_native, id=15824, stack(0x000000fb13e00000,0x000000fb13f00000) (1024K)]
  0x00000207f6243b40 JavaThread "Thread-12"                  daemon [_thread_in_native, id=22504, stack(0x000000fb13f00000,0x000000fb14000000) (1024K)]
  0x00000207feacb370 JavaThread "Thread-13"                  daemon [_thread_in_native, id=10552, stack(0x000000fb14000000,0x000000fb14100000) (1024K)]
  0x00000207feacc720 JavaThread "Thread-14"                  daemon [_thread_in_native, id=20812, stack(0x000000fb14100000,0x000000fb14200000) (1024K)]
  0x00000207feacba00 JavaThread "Thread-15"                  daemon [_thread_in_native, id=16324, stack(0x000000fb14200000,0x000000fb14300000) (1024K)]
  0x00000207feaca650 JavaThread "Thread-16"                  daemon [_thread_in_native, id=21880, stack(0x000000fb14300000,0x000000fb14400000) (1024K)]
  0x00000207feacace0 JavaThread "Thread-17"                  daemon [_thread_in_native, id=10684, stack(0x000000fb14400000,0x000000fb14500000) (1024K)]
  0x00000207feacc090 JavaThread "Thread-18"                  daemon [_thread_in_native, id=6432, stack(0x000000fb14500000,0x000000fb14600000) (1024K)]
  0x00000207feaccdb0 JavaThread "Thread-19"                  daemon [_thread_in_native, id=19740, stack(0x000000fb14600000,0x000000fb14700000) (1024K)]
  0x00000207feac9930 JavaThread "Thread-20"                  daemon [_thread_in_native, id=22184, stack(0x000000fb14700000,0x000000fb14800000) (1024K)]
  0x00000207feacd440 JavaThread "Thread-21"                  daemon [_thread_in_native, id=6936, stack(0x000000fb14800000,0x000000fb14900000) (1024K)]
  0x00000207feac9fc0 JavaThread "Thread-22"                  daemon [_thread_in_native, id=9488, stack(0x000000fb14900000,0x000000fb14a00000) (1024K)]
  0x00000207feacee80 JavaThread "Thread-23"                  daemon [_thread_in_native, id=18368, stack(0x000000fb14a00000,0x000000fb14b00000) (1024K)]
  0x00000207fead0f50 JavaThread "Thread-24"                  daemon [_thread_in_native, id=9556, stack(0x000000fb14b00000,0x000000fb14c00000) (1024K)]
  0x00000207feacf510 JavaThread "Thread-25"                  daemon [_thread_in_native, id=4072, stack(0x000000fb14c00000,0x000000fb14d00000) (1024K)]
  0x00000207fead08c0 JavaThread "Thread-26"                  daemon [_thread_in_native, id=22336, stack(0x000000fb14d00000,0x000000fb14e00000) (1024K)]
  0x00000207feace160 JavaThread "Thread-27"                  daemon [_thread_in_native, id=15416, stack(0x000000fb14e00000,0x000000fb14f00000) (1024K)]
  0x00000207feacdad0 JavaThread "Thread-28"                  daemon [_thread_in_native, id=16796, stack(0x000000fb14f00000,0x000000fb15000000) (1024K)]
  0x00000207feace7f0 JavaThread "Thread-29"                  daemon [_thread_in_native, id=17612, stack(0x000000fb15000000,0x000000fb15100000) (1024K)]
  0x00000207feacfba0 JavaThread "pool-2-thread-1"                   [_thread_blocked, id=5392, stack(0x000000fb15100000,0x000000fb15200000) (1024K)]
  0x00000207fead0230 JavaThread "WorkspaceEventsHandler"            [_thread_blocked, id=19916, stack(0x000000fb15600000,0x000000fb15700000) (1024K)]
  0x00000207fe9fcf00 JavaThread "pool-1-thread-1"                   [_thread_blocked, id=9060, stack(0x000000fb15700000,0x000000fb15800000) (1024K)]
  0x00000207fe9fc1e0 JavaThread "ForkJoinPool.commonPool-worker-1" daemon [_thread_blocked, id=3788, stack(0x000000fb15800000,0x000000fb15900000) (1024K)]
  0x00000207fe9fdc20 JavaThread "ForkJoinPool.commonPool-worker-2" daemon [_thread_blocked, id=13112, stack(0x000000fb15900000,0x000000fb15a00000) (1024K)]
  0x00000207fe9fd590 JavaThread "ForkJoinPool.commonPool-worker-3" daemon [_thread_blocked, id=15700, stack(0x000000fb15a00000,0x000000fb15b00000) (1024K)]
  0x00000207fe9fefd0 JavaThread "ForkJoinPool.commonPool-worker-4" daemon [_thread_blocked, id=7428, stack(0x000000fb15b00000,0x000000fb15c00000) (1024K)]
  0x00000207fe9fe940 JavaThread "ForkJoinPool.commonPool-worker-5" daemon [_thread_blocked, id=7468, stack(0x000000fb15c00000,0x000000fb15d00000) (1024K)]
  0x00000207fe9ff660 JavaThread "ForkJoinPool.commonPool-worker-6" daemon [_thread_blocked, id=11800, stack(0x000000fb15d00000,0x000000fb15e00000) (1024K)]
  0x00000207fe9ffcf0 JavaThread "ForkJoinPool.commonPool-worker-7" daemon [_thread_blocked, id=10816, stack(0x000000fb15e00000,0x000000fb15f00000) (1024K)]
  0x00000207fe9fc870 JavaThread "ForkJoinPool.commonPool-worker-8" daemon [_thread_blocked, id=5812, stack(0x000000fb15f00000,0x000000fb16000000) (1024K)]
  0x00000207fea00380 JavaThread "ForkJoinPool.commonPool-worker-9" daemon [_thread_blocked, id=4188, stack(0x000000fb16000000,0x000000fb16100000) (1024K)]
  0x00000207fea01dc0 JavaThread "ForkJoinPool.commonPool-worker-10" daemon [_thread_blocked, id=21832, stack(0x000000fb15500000,0x000000fb15600000) (1024K)]
  0x00000207fea010a0 JavaThread "ForkJoinPool.commonPool-worker-11" daemon [_thread_blocked, id=5884, stack(0x000000fb16100000,0x000000fb16200000) (1024K)]
  0x00000207fea01730 JavaThread "ForkJoinPool.commonPool-worker-12" daemon [_thread_blocked, id=21848, stack(0x000000fb16200000,0x000000fb16300000) (1024K)]
  0x00000207fea02450 JavaThread "ForkJoinPool.commonPool-worker-13" daemon [_thread_blocked, id=18052, stack(0x000000fb16400000,0x000000fb16500000) (1024K)]
  0x00000207fea03170 JavaThread "Cleaner-0"                  daemon [_thread_blocked, id=1180, stack(0x000000fb16300000,0x000000fb16400000) (1024K)]
  0x00000207c1df00b0 JavaThread "ForkJoinPool.commonPool-worker-14" daemon [_thread_blocked, id=9408, stack(0x000000fb11d00000,0x000000fb11e00000) (1024K)]
  0x00000207c1df2810 JavaThread "ForkJoinPool.commonPool-worker-16" daemon [_thread_blocked, id=8992, stack(0x000000fb0fc00000,0x000000fb0fd00000) (1024K)]
  0x00000207c1defa20 JavaThread "ForkJoinPool.commonPool-worker-15" daemon [_thread_blocked, id=18096, stack(0x000000fb10900000,0x000000fb10a00000) (1024K)]
  0x00000207c1df4250 JavaThread "ForkJoinPool.commonPool-worker-17" daemon [_thread_blocked, id=17860, stack(0x000000fb11b00000,0x000000fb11c00000) (1024K)]
  0x00000207f6175830 JavaThread "pool-1-thread-3"                   [_thread_blocked, id=17888, stack(0x000000fb12800000,0x000000fb12900000) (1024K)]
Total: 73

Other Threads:
  0x00000207f1e37290 VMThread "VM Thread"                           [id=18644, stack(0x000000fb10000000,0x000000fb10100000) (1024K)]
  0x00000207f1d2ca10 WatcherThread "VM Periodic Task Thread"        [id=6196, stack(0x000000fb0ff00000,0x000000fb10000000) (1024K)]
  0x00000207db3c8460 WorkerThread "GC Thread#0"                     [id=17160, stack(0x000000fb0fe00000,0x000000fb0ff00000) (1024K)]
  0x00000207f677d5f0 WorkerThread "GC Thread#1"                     [id=19712, stack(0x000000fb11000000,0x000000fb11100000) (1024K)]
  0x00000207f677d990 WorkerThread "GC Thread#2"                     [id=11844, stack(0x000000fb11100000,0x000000fb11200000) (1024K)]
  0x00000207f665f100 WorkerThread "GC Thread#3"                     [id=7728, stack(0x000000fb11200000,0x000000fb11300000) (1024K)]
  0x00000207f665f4a0 WorkerThread "GC Thread#4"                     [id=9132, stack(0x000000fb11300000,0x000000fb11400000) (1024K)]
  0x00000207f682d5f0 WorkerThread "GC Thread#5"                     [id=17296, stack(0x000000fb11400000,0x000000fb11500000) (1024K)]
  0x00000207f682dda0 WorkerThread "GC Thread#6"                     [id=14316, stack(0x000000fb11500000,0x000000fb11600000) (1024K)]
  0x00000207fb10b910 WorkerThread "GC Thread#7"                     [id=15840, stack(0x000000fb11900000,0x000000fb11a00000) (1024K)]
  0x00000207fb125880 WorkerThread "GC Thread#8"                     [id=22224, stack(0x000000fb10b00000,0x000000fb10c00000) (1024K)]
  0x00000207fb40eca0 WorkerThread "GC Thread#9"                     [id=6824, stack(0x000000fb10c00000,0x000000fb10d00000) (1024K)]
  0x00000207fb40e1c0 WorkerThread "GC Thread#10"                    [id=13116, stack(0x000000fb10d00000,0x000000fb10e00000) (1024K)]
  0x00000207fb40f040 WorkerThread "GC Thread#11"                    [id=15472, stack(0x000000fb12100000,0x000000fb12200000) (1024K)]
  0x00000207fb40fb20 WorkerThread "GC Thread#12"                    [id=19560, stack(0x000000fb12200000,0x000000fb12300000) (1024K)]
  0x00000207fb40f3e0 WorkerThread "GC Thread#13"                    [id=18796, stack(0x000000fb12300000,0x000000fb12400000) (1024K)]
  0x00000207fb40f780 WorkerThread "GC Thread#14"                    [id=22488, stack(0x000000fb12700000,0x000000fb12800000) (1024K)]
  0x00000207fb40e900 WorkerThread "GC Thread#15"                    [id=12156, stack(0x000000fb12900000,0x000000fb12a00000) (1024K)]
  0x00000207fbb994d0 WorkerThread "GC Thread#16"                    [id=13432, stack(0x000000fb12a00000,0x000000fb12b00000) (1024K)]
  0x00000207fbb982b0 WorkerThread "GC Thread#17"                    [id=22452, stack(0x000000fb12b00000,0x000000fb12c00000) (1024K)]
  0x00000207fbb98d90 WorkerThread "GC Thread#18"                    [id=12624, stack(0x000000fb12d00000,0x000000fb12e00000) (1024K)]
  0x00000207fbb99870 WorkerThread "GC Thread#19"                    [id=8928, stack(0x000000fb12e00000,0x000000fb12f00000) (1024K)]
Total: 22

Threads with active compile tasks:
C2 CompilerThread0  336146 17961   !   4       org.eclipse.core.internal.localstore.FileSystemResourceManager::getStore (32 bytes)
Total: 1

VM state: not at safepoint (normal execution)

VM Mutex/Monitor currently owned by a thread: None

Heap address: 0x0000000080000000, size: 2048 MB, Compressed Oops mode: 32-bit

CDS archive(s) mapped at: [0x0000020780000000-0x0000020780ba0000-0x0000020780ba0000), size 12189696, SharedBaseAddress: 0x0000020780000000, ArchiveRelocationMode: 1.
Compressed class space mapped at: 0x0000020781000000-0x00000207c1000000, reserved size: 1073741824
Narrow klass base: 0x0000020780000000, Narrow klass shift: 0, Narrow klass range: 0x100000000

GC Precious Log:
 CardTable entry size: 512
 CPUs: 28 total, 28 available
 Memory: 32509M
 Large Page Support: Disabled
 NUMA Support: Disabled
 Compressed Oops: Enabled (32-bit)
 Alignments: Space 512K, Generation 512K, Heap 2M
 Heap Min Capacity: 100M
 Heap Initial Capacity: 100M
 Heap Max Capacity: 2G
 Pre-touch: Disabled
 Parallel Workers: 20

Heap:
 PSYoungGen      total 3072K, used 896K [0x00000000d5580000, 0x00000000d5a00000, 0x0000000100000000)
  eden space 2560K, 15% used [0x00000000d5580000,0x00000000d55e4090,0x00000000d5800000)
  from space 512K, 96% used [0x00000000d5900000,0x00000000d597c010,0x00000000d5980000)
  to   space 1024K, 0% used [0x00000000d5800000,0x00000000d5800000,0x00000000d5900000)
 ParOldGen       total 227328K, used 227115K [0x0000000080000000, 0x000000008de00000, 0x00000000d5580000)
  object space 227328K, 99% used [0x0000000080000000,0x000000008ddcacc8,0x000000008de00000)
 Metaspace       used 76861K, committed 78400K, reserved 1179648K
  class space    used 7723K, committed 8384K, reserved 1048576K

Card table byte_map: [0x00000207dad50000,0x00000207db160000] _byte_map_base: 0x00000207da950000

Marking Bits: (ParMarkBitMap*) 0x00007ffc8b61a340
 Begin Bits: [0x00000207ed850000, 0x00000207ef850000)
 End Bits:   [0x00000207ef850000, 0x00000207f1850000)

Polling page: 0x00000207daa20000

Metaspace:

Usage:
  Non-class:     67.52 MB used.
      Class:      7.54 MB used.
       Both:     75.06 MB used.

Virtual space:
  Non-class space:      128.00 MB reserved,      68.38 MB ( 53%) committed,  2 nodes.
      Class space:        1.00 GB reserved,       8.19 MB ( <1%) committed,  1 nodes.
             Both:        1.12 GB reserved,      76.56 MB (  7%) committed. 

Chunk freelists:
   Non-Class:  11.66 MB
       Class:  7.83 MB
        Both:  19.49 MB

MaxMetaspaceSize: unlimited
CompressedClassSpaceSize: 1.00 GB
Initial GC threshold: 21.00 MB
Current GC threshold: 122.81 MB
CDS: on
 - commit_granule_bytes: 65536.
 - commit_granule_words: 8192.
 - virtual_space_node_default_size: 8388608.
 - enlarge_chunks_in_place: 1.
 - use_allocation_guard: 0.


Internal statistics:

num_allocs_failed_limit: 13.
num_arena_births: 1434.
num_arena_deaths: 14.
num_vsnodes_births: 3.
num_vsnodes_deaths: 0.
num_space_committed: 1225.
num_space_uncommitted: 0.
num_chunks_returned_to_freelist: 27.
num_chunks_taken_from_freelist: 5211.
num_chunk_merges: 16.
num_chunk_splits: 3199.
num_chunks_enlarged: 1784.
num_inconsistent_stats: 0.

CodeHeap 'non-profiled nmethods': size=119168Kb used=16119Kb max_used=16119Kb free=103048Kb
 bounds [0x00000207e6140000, 0x00000207e7100000, 0x00000207ed5a0000]
CodeHeap 'profiled nmethods': size=119104Kb used=42246Kb max_used=42246Kb free=76857Kb
 bounds [0x00000207de5a0000, 0x00000207e0ef0000, 0x00000207e59f0000]
CodeHeap 'non-nmethods': size=7488Kb used=1475Kb max_used=3242Kb free=6013Kb
 bounds [0x00000207e59f0000, 0x00000207e5d30000, 0x00000207e6140000]
CodeCache: size=245760Kb, used=59840Kb, max_used=61607Kb, free=185918Kb
 total_blobs=17335, nmethods=16557, adapters=677, full_count=0
Compilation: enabled, stopped_count=0, restarted_count=0

Compilation events (20 events):
Event: 335.531 Thread 0x00000207f352b630 nmethod 17943 0x00000207e70f7190 code [0x00000207e70f74c0, 0x00000207e70f8ce8]
Event: 335.645 Thread 0x00000207f352b630 17952       4       org.eclipse.lsp4j.jsonrpc.messages.Either::forRight (10 bytes)
Event: 335.646 Thread 0x00000207f352b630 nmethod 17952 0x00000207e70f9e90 code [0x00000207e70fa020, 0x00000207e70fa0f8]
Event: 335.742 Thread 0x00000207f352b630 17953       4       org.eclipse.core.internal.localstore.FileStoreRoot::createStore (90 bytes)
Event: 335.748 Thread 0x00000207f352b630 nmethod 17953 0x00000207e70fa190 code [0x00000207e70fa480, 0x00000207e70fb368]
Event: 335.748 Thread 0x00000207f352b630 17954       4       org.eclipse.jdt.internal.compiler.parser.Scanner::isRestrictedKeyword (68 bytes)
Event: 335.749 Thread 0x00000207f352b630 nmethod 17954 0x00000207e70fc190 code [0x00000207e70fc320, 0x00000207e70fc428]
Event: 335.858 Thread 0x00000207f352e530 17955       3       org.eclipse.lsp4j.jsonrpc.json.adapters.MessageTypeAdapter::fromJson (42 bytes)
Event: 335.858 Thread 0x00000207f352e530 nmethod 17955 0x00000207e0edce10 code [0x00000207e0edd060, 0x00000207e0edda58]
Event: 335.860 Thread 0x00000207f352b630 17956       4       org.eclipse.jdt.internal.compiler.lookup.BinaryTypeBinding::getField (89 bytes)
Event: 335.862 Thread 0x00000207f352b630 nmethod 17956 0x00000207e70fc590 code [0x00000207e70fc760, 0x00000207e70fca98]
Event: 335.863 Thread 0x00000207f352e530 17957       3       org.eclipse.jdt.internal.compiler.lookup.MethodVerifier::computeSubstituteMethod (351 bytes)
Event: 335.863 Thread 0x00000207f352b630 17958       4       org.eclipse.jdt.internal.compiler.lookup.MethodBinding::findOriginalInheritedMethod (104 bytes)
Event: 335.863 Thread 0x00000207f352e530 nmethod 17957 0x00000207e0eddd10 code [0x00000207e0ede080, 0x00000207e0edf7f8]
Event: 335.866 Thread 0x00000207f352e530 17960       3       org.eclipse.jdt.internal.compiler.lookup.MethodVerifier::isSubstituteParameterSubsignature (147 bytes)
Event: 335.866 Thread 0x00000207f352b630 nmethod 17958 0x00000207e70fcd90 code [0x00000207e70fcfa0, 0x00000207e70fd428]
Event: 335.866 Thread 0x00000207f352b630 17959       4       org.eclipse.jdt.internal.compiler.lookup.TypeBinding::getErasureCompatibleType (331 bytes)
Event: 335.866 Thread 0x00000207f352e530 nmethod 17960 0x00000207e0ee0090 code [0x00000207e0ee03a0, 0x00000207e0ee1490]
Event: 335.866 Thread 0x00000207f352b630 nmethod 17959 0x00000207e70fd910 code [0x00000207e70fdaa0, 0x00000207e70fdbb8]
Event: 336.119 Thread 0x00000207f352b630 17961   !   4       org.eclipse.core.internal.localstore.FileSystemResourceManager::getStore (32 bytes)

GC Heap History (20 events):
Event: 332.933 GC heap before
{Heap before GC invocations=893 (full 4):
 PSYoungGen      total 3584K, used 3264K [0x00000000d5580000, 0x00000000d5a00000, 0x0000000100000000)
  eden space 2560K, 100% used [0x00000000d5580000,0x00000000d5800000,0x00000000d5800000)
  from space 1024K, 68% used [0x00000000d5900000,0x00000000d59b0000,0x00000000d5a00000)
  to   space 1024K, 0% used [0x00000000d5800000,0x00000000d5800000,0x00000000d5900000)
 ParOldGen       total 225792K, used 225706K [0x0000000080000000, 0x000000008dc80000, 0x00000000d5580000)
  object space 225792K, 99% used [0x0000000080000000,0x000000008dc6aa78,0x000000008dc80000)
 Metaspace       used 76836K, committed 78336K, reserved 1179648K
  class space    used 7721K, committed 8384K, reserved 1048576K
}
Event: 332.934 GC heap after
{Heap after GC invocations=893 (full 4):
 PSYoungGen      total 3584K, used 400K [0x00000000d5580000, 0x00000000d5980000, 0x0000000100000000)
  eden space 2560K, 0% used [0x00000000d5580000,0x00000000d5580000,0x00000000d5800000)
  from space 1024K, 39% used [0x00000000d5800000,0x00000000d5864010,0x00000000d5900000)
  to   space 512K, 0% used [0x00000000d5900000,0x00000000d5900000,0x00000000d5980000)
 ParOldGen       total 226304K, used 225826K [0x0000000080000000, 0x000000008dd00000, 0x00000000d5580000)
  object space 226304K, 99% used [0x0000000080000000,0x000000008dc88a78,0x000000008dd00000)
 Metaspace       used 76836K, committed 78336K, reserved 1179648K
  class space    used 7721K, committed 8384K, reserved 1048576K
}
Event: 333.193 GC heap before
{Heap before GC invocations=894 (full 4):
 PSYoungGen      total 3584K, used 2960K [0x00000000d5580000, 0x00000000d5980000, 0x0000000100000000)
  eden space 2560K, 100% used [0x00000000d5580000,0x00000000d5800000,0x00000000d5800000)
  from space 1024K, 39% used [0x00000000d5800000,0x00000000d5864010,0x00000000d5900000)
  to   space 512K, 0% used [0x00000000d5900000,0x00000000d5900000,0x00000000d5980000)
 ParOldGen       total 226304K, used 225826K [0x0000000080000000, 0x000000008dd00000, 0x00000000d5580000)
  object space 226304K, 99% used [0x0000000080000000,0x000000008dc88a78,0x000000008dd00000)
 Metaspace       used 76836K, committed 78336K, reserved 1179648K
  class space    used 7721K, committed 8384K, reserved 1048576K
}
Event: 333.195 GC heap after
{Heap after GC invocations=894 (full 4):
 PSYoungGen      total 3072K, used 512K [0x00000000d5580000, 0x00000000d5a00000, 0x0000000100000000)
  eden space 2560K, 0% used [0x00000000d5580000,0x00000000d5580000,0x00000000d5800000)
  from space 512K, 100% used [0x00000000d5900000,0x00000000d5980000,0x00000000d5980000)
  to   space 1024K, 0% used [0x00000000d5800000,0x00000000d5800000,0x00000000d5900000)
 ParOldGen       total 226304K, used 225858K [0x0000000080000000, 0x000000008dd00000, 0x00000000d5580000)
  object space 226304K, 99% used [0x0000000080000000,0x000000008dc90a78,0x000000008dd00000)
 Metaspace       used 76836K, committed 78336K, reserved 1179648K
  class space    used 7721K, committed 8384K, reserved 1048576K
}
Event: 333.500 GC heap before
{Heap before GC invocations=895 (full 4):
 PSYoungGen      total 3072K, used 3072K [0x00000000d5580000, 0x00000000d5a00000, 0x0000000100000000)
  eden space 2560K, 100% used [0x00000000d5580000,0x00000000d5800000,0x00000000d5800000)
  from space 512K, 100% used [0x00000000d5900000,0x00000000d5980000,0x00000000d5980000)
  to   space 1024K, 0% used [0x00000000d5800000,0x00000000d5800000,0x00000000d5900000)
 ParOldGen       total 226304K, used 225858K [0x0000000080000000, 0x000000008dd00000, 0x00000000d5580000)
  object space 226304K, 99% used [0x0000000080000000,0x000000008dc90a78,0x000000008dd00000)
 Metaspace       used 76848K, committed 78400K, reserved 1179648K
  class space    used 7723K, committed 8384K, reserved 1048576K
}
Event: 333.501 GC heap after
{Heap after GC invocations=895 (full 4):
 PSYoungGen      total 3584K, used 736K [0x00000000d5580000, 0x00000000d5a00000, 0x0000000100000000)
  eden space 2560K, 0% used [0x00000000d5580000,0x00000000d5580000,0x00000000d5800000)
  from space 1024K, 71% used [0x00000000d5800000,0x00000000d58b8000,0x00000000d5900000)
  to   space 1024K, 0% used [0x00000000d5900000,0x00000000d5900000,0x00000000d5a00000)
 ParOldGen       total 226304K, used 225882K [0x0000000080000000, 0x000000008dd00000, 0x00000000d5580000)
  object space 226304K, 99% used [0x0000000080000000,0x000000008dc96a78,0x000000008dd00000)
 Metaspace       used 76848K, committed 78400K, reserved 1179648K
  class space    used 7723K, committed 8384K, reserved 1048576K
}
Event: 333.764 GC heap before
{Heap before GC invocations=896 (full 4):
 PSYoungGen      total 3584K, used 3295K [0x00000000d5580000, 0x00000000d5a00000, 0x0000000100000000)
  eden space 2560K, 99% used [0x00000000d5580000,0x00000000d57fffd0,0x00000000d5800000)
  from space 1024K, 71% used [0x00000000d5800000,0x00000000d58b8000,0x00000000d5900000)
  to   space 1024K, 0% used [0x00000000d5900000,0x00000000d5900000,0x00000000d5a00000)
 ParOldGen       total 226304K, used 225882K [0x0000000080000000, 0x000000008dd00000, 0x00000000d5580000)
  object space 226304K, 99% used [0x0000000080000000,0x000000008dc96a78,0x000000008dd00000)
 Metaspace       used 76848K, committed 78400K, reserved 1179648K
  class space    used 7723K, committed 8384K, reserved 1048576K
}
Event: 333.765 GC heap after
{Heap after GC invocations=896 (full 4):
 PSYoungGen      total 3584K, used 448K [0x00000000d5580000, 0x00000000d5a00000, 0x0000000100000000)
  eden space 2560K, 0% used [0x00000000d5580000,0x00000000d5580000,0x00000000d5800000)
  from space 1024K, 43% used [0x00000000d5900000,0x00000000d5970000,0x00000000d5a00000)
  to   space 1024K, 0% used [0x00000000d5800000,0x00000000d5800000,0x00000000d5900000)
 ParOldGen       total 226816K, used 226348K [0x0000000080000000, 0x000000008dd80000, 0x00000000d5580000)
  object space 226816K, 99% used [0x0000000080000000,0x000000008dd0b3a8,0x000000008dd80000)
 Metaspace       used 76848K, committed 78400K, reserved 1179648K
  class space    used 7723K, committed 8384K, reserved 1048576K
}
Event: 334.826 GC heap before
{Heap before GC invocations=897 (full 4):
 PSYoungGen      total 3584K, used 3008K [0x00000000d5580000, 0x00000000d5a00000, 0x0000000100000000)
  eden space 2560K, 100% used [0x00000000d5580000,0x00000000d5800000,0x00000000d5800000)
  from space 1024K, 43% used [0x00000000d5900000,0x00000000d5970000,0x00000000d5a00000)
  to   space 1024K, 0% used [0x00000000d5800000,0x00000000d5800000,0x00000000d5900000)
 ParOldGen       total 226816K, used 226348K [0x0000000080000000, 0x000000008dd80000, 0x00000000d5580000)
  object space 226816K, 99% used [0x0000000080000000,0x000000008dd0b3a8,0x000000008dd80000)
 Metaspace       used 76848K, committed 78400K, reserved 1179648K
  class space    used 7723K, committed 8384K, reserved 1048576K
}
Event: 334.827 GC heap after
{Heap after GC invocations=897 (full 4):
 PSYoungGen      total 3584K, used 416K [0x00000000d5580000, 0x00000000d5980000, 0x0000000100000000)
  eden space 2560K, 0% used [0x00000000d5580000,0x00000000d5580000,0x00000000d5800000)
  from space 1024K, 40% used [0x00000000d5800000,0x00000000d5868000,0x00000000d5900000)
  to   space 512K, 0% used [0x00000000d5900000,0x00000000d5900000,0x00000000d5980000)
 ParOldGen       total 226816K, used 226380K [0x0000000080000000, 0x000000008dd80000, 0x00000000d5580000)
  object space 226816K, 99% used [0x0000000080000000,0x000000008dd133a8,0x000000008dd80000)
 Metaspace       used 76848K, committed 78400K, reserved 1179648K
  class space    used 7723K, committed 8384K, reserved 1048576K
}
Event: 335.092 GC heap before
{Heap before GC invocations=898 (full 4):
 PSYoungGen      total 3584K, used 2976K [0x00000000d5580000, 0x00000000d5980000, 0x0000000100000000)
  eden space 2560K, 100% used [0x00000000d5580000,0x00000000d5800000,0x00000000d5800000)
  from space 1024K, 40% used [0x00000000d5800000,0x00000000d5868000,0x00000000d5900000)
  to   space 512K, 0% used [0x00000000d5900000,0x00000000d5900000,0x00000000d5980000)
 ParOldGen       total 226816K, used 226380K [0x0000000080000000, 0x000000008dd80000, 0x00000000d5580000)
  object space 226816K, 99% used [0x0000000080000000,0x000000008dd133a8,0x000000008dd80000)
 Metaspace       used 76849K, committed 78400K, reserved 1179648K
  class space    used 7723K, committed 8384K, reserved 1048576K
}
Event: 335.092 GC heap after
{Heap after GC invocations=898 (full 4):
 PSYoungGen      total 3072K, used 384K [0x00000000d5580000, 0x00000000d5980000, 0x0000000100000000)
  eden space 2560K, 0% used [0x00000000d5580000,0x00000000d5580000,0x00000000d5800000)
  from space 512K, 75% used [0x00000000d5900000,0x00000000d5960000,0x00000000d5980000)
  to   space 512K, 0% used [0x00000000d5880000,0x00000000d5880000,0x00000000d5900000)
 ParOldGen       total 226816K, used 226572K [0x0000000080000000, 0x000000008dd80000, 0x00000000d5580000)
  object space 226816K, 99% used [0x0000000080000000,0x000000008dd433a8,0x000000008dd80000)
 Metaspace       used 76849K, committed 78400K, reserved 1179648K
  class space    used 7723K, committed 8384K, reserved 1048576K
}
Event: 335.254 GC heap before
{Heap before GC invocations=899 (full 4):
 PSYoungGen      total 3072K, used 2944K [0x00000000d5580000, 0x00000000d5980000, 0x0000000100000000)
  eden space 2560K, 100% used [0x00000000d5580000,0x00000000d5800000,0x00000000d5800000)
  from space 512K, 75% used [0x00000000d5900000,0x00000000d5960000,0x00000000d5980000)
  to   space 512K, 0% used [0x00000000d5880000,0x00000000d5880000,0x00000000d5900000)
 ParOldGen       total 226816K, used 226572K [0x0000000080000000, 0x000000008dd80000, 0x00000000d5580000)
  object space 226816K, 99% used [0x0000000080000000,0x000000008dd433a8,0x000000008dd80000)
 Metaspace       used 76853K, committed 78400K, reserved 1179648K
  class space    used 7723K, committed 8384K, reserved 1048576K
}
Event: 335.255 GC heap after
{Heap after GC invocations=899 (full 4):
 PSYoungGen      total 3072K, used 320K [0x00000000d5580000, 0x00000000d5980000, 0x0000000100000000)
  eden space 2560K, 0% used [0x00000000d5580000,0x00000000d5580000,0x00000000d5800000)
  from space 512K, 62% used [0x00000000d5880000,0x00000000d58d0000,0x00000000d5900000)
  to   space 512K, 0% used [0x00000000d5900000,0x00000000d5900000,0x00000000d5980000)
 ParOldGen       total 226816K, used 226580K [0x0000000080000000, 0x000000008dd80000, 0x00000000d5580000)
  object space 226816K, 99% used [0x0000000080000000,0x000000008dd453a8,0x000000008dd80000)
 Metaspace       used 76853K, committed 78400K, reserved 1179648K
  class space    used 7723K, committed 8384K, reserved 1048576K
}
Event: 335.513 GC heap before
{Heap before GC invocations=900 (full 4):
 PSYoungGen      total 3072K, used 2880K [0x00000000d5580000, 0x00000000d5980000, 0x0000000100000000)
  eden space 2560K, 100% used [0x00000000d5580000,0x00000000d5800000,0x00000000d5800000)
  from space 512K, 62% used [0x00000000d5880000,0x00000000d58d0000,0x00000000d5900000)
  to   space 512K, 0% used [0x00000000d5900000,0x00000000d5900000,0x00000000d5980000)
 ParOldGen       total 226816K, used 226580K [0x0000000080000000, 0x000000008dd80000, 0x00000000d5580000)
  object space 226816K, 99% used [0x0000000080000000,0x000000008dd453a8,0x000000008dd80000)
 Metaspace       used 76853K, committed 78400K, reserved 1179648K
  class space    used 7723K, committed 8384K, reserved 1048576K
}
Event: 335.514 GC heap after
{Heap after GC invocations=900 (full 4):
 PSYoungGen      total 3072K, used 512K [0x00000000d5580000, 0x00000000d5a00000, 0x0000000100000000)
  eden space 2560K, 0% used [0x00000000d5580000,0x00000000d5580000,0x00000000d5800000)
  from space 512K, 100% used [0x00000000d5900000,0x00000000d5980000,0x00000000d5980000)
  to   space 1024K, 0% used [0x00000000d5800000,0x00000000d5800000,0x00000000d5900000)
 ParOldGen       total 226816K, used 226703K [0x0000000080000000, 0x000000008dd80000, 0x00000000d5580000)
  object space 226816K, 99% used [0x0000000080000000,0x000000008dd63cb8,0x000000008dd80000)
 Metaspace       used 76853K, committed 78400K, reserved 1179648K
  class space    used 7723K, committed 8384K, reserved 1048576K
}
Event: 335.743 GC heap before
{Heap before GC invocations=901 (full 4):
 PSYoungGen      total 3072K, used 3072K [0x00000000d5580000, 0x00000000d5a00000, 0x0000000100000000)
  eden space 2560K, 100% used [0x00000000d5580000,0x00000000d5800000,0x00000000d5800000)
  from space 512K, 100% used [0x00000000d5900000,0x00000000d5980000,0x00000000d5980000)
  to   space 1024K, 0% used [0x00000000d5800000,0x00000000d5800000,0x00000000d5900000)
 ParOldGen       total 226816K, used 226703K [0x0000000080000000, 0x000000008dd80000, 0x00000000d5580000)
  object space 226816K, 99% used [0x0000000080000000,0x000000008dd63cb8,0x000000008dd80000)
 Metaspace       used 76860K, committed 78400K, reserved 1179648K
  class space    used 7723K, committed 8384K, reserved 1048576K
}
Event: 335.744 GC heap after
{Heap after GC invocations=901 (full 4):
 PSYoungGen      total 3584K, used 288K [0x00000000d5580000, 0x00000000d5980000, 0x0000000100000000)
  eden space 2560K, 0% used [0x00000000d5580000,0x00000000d5580000,0x00000000d5800000)
  from space 1024K, 28% used [0x00000000d5800000,0x00000000d5848000,0x00000000d5900000)
  to   space 512K, 0% used [0x00000000d5900000,0x00000000d5900000,0x00000000d5980000)
 ParOldGen       total 227328K, used 227059K [0x0000000080000000, 0x000000008de00000, 0x00000000d5580000)
  object space 227328K, 99% used [0x0000000080000000,0x000000008ddbccc8,0x000000008de00000)
 Metaspace       used 76860K, committed 78400K, reserved 1179648K
  class space    used 7723K, committed 8384K, reserved 1048576K
}
Event: 335.865 GC heap before
{Heap before GC invocations=902 (full 4):
 PSYoungGen      total 3584K, used 2848K [0x00000000d5580000, 0x00000000d5980000, 0x0000000100000000)
  eden space 2560K, 100% used [0x00000000d5580000,0x00000000d5800000,0x00000000d5800000)
  from space 1024K, 28% used [0x00000000d5800000,0x00000000d5848000,0x00000000d5900000)
  to   space 512K, 0% used [0x00000000d5900000,0x00000000d5900000,0x00000000d5980000)
 ParOldGen       total 227328K, used 227059K [0x0000000080000000, 0x000000008de00000, 0x00000000d5580000)
  object space 227328K, 99% used [0x0000000080000000,0x000000008ddbccc8,0x000000008de00000)
 Metaspace       used 76861K, committed 78400K, reserved 1179648K
  class space    used 7723K, committed 8384K, reserved 1048576K
}
Event: 335.866 GC heap after
{Heap after GC invocations=902 (full 4):
 PSYoungGen      total 3072K, used 496K [0x00000000d5580000, 0x00000000d5a00000, 0x0000000100000000)
  eden space 2560K, 0% used [0x00000000d5580000,0x00000000d5580000,0x00000000d5800000)
  from space 512K, 96% used [0x00000000d5900000,0x00000000d597c010,0x00000000d5980000)
  to   space 1024K, 0% used [0x00000000d5800000,0x00000000d5800000,0x00000000d5900000)
 ParOldGen       total 227328K, used 227115K [0x0000000080000000, 0x000000008de00000, 0x00000000d5580000)
  object space 227328K, 99% used [0x0000000080000000,0x000000008ddcacc8,0x000000008de00000)
 Metaspace       used 76861K, committed 78400K, reserved 1179648K
  class space    used 7723K, committed 8384K, reserved 1048576K
}

Dll operation events (10 events):
Event: 0.005 Loaded shared library c:\Users\User\.vscode\extensions\redhat.java-1.46.0-win32-x64\jre\21.0.8-win32-x86_64\bin\java.dll
Event: 0.030 Loaded shared library c:\Users\User\.vscode\extensions\redhat.java-1.46.0-win32-x64\jre\21.0.8-win32-x86_64\bin\zip.dll
Event: 0.036 Loaded shared library C:\Users\User\.vscode\extensions\redhat.java-1.46.0-win32-x64\jre\21.0.8-win32-x86_64\bin\instrument.dll
Event: 0.038 Loaded shared library C:\Users\User\.vscode\extensions\redhat.java-1.46.0-win32-x64\jre\21.0.8-win32-x86_64\bin\net.dll
Event: 0.039 Loaded shared library C:\Users\User\.vscode\extensions\redhat.java-1.46.0-win32-x64\jre\21.0.8-win32-x86_64\bin\nio.dll
Event: 0.041 Loaded shared library C:\Users\User\.vscode\extensions\redhat.java-1.46.0-win32-x64\jre\21.0.8-win32-x86_64\bin\zip.dll
Event: 0.048 Loaded shared library C:\Users\User\.vscode\extensions\redhat.java-1.46.0-win32-x64\jre\21.0.8-win32-x86_64\bin\jimage.dll
Event: 0.081 Loaded shared library c:\Users\User\.vscode\extensions\redhat.java-1.46.0-win32-x64\jre\21.0.8-win32-x86_64\bin\verify.dll
Event: 1.757 Loaded shared library C:\Users\User\AppData\Roaming\Code\User\globalStorage\redhat.java\1.46.0\config_win\org.eclipse.equinox.launcher\org.eclipse.equinox.launcher.win32.win32.x86_64_1.2.1400.v20250801-0854\eclipse_11916.dll
Event: 5.761 Loaded shared library C:\Users\User\AppData\Local\Temp\jna-2645995\jna11634125937533117309.dll

Deoptimization events (20 events):
Event: 332.644 Thread 0x00000207fea01730 Uncommon trap: trap_request=0xffffff45 fr.pc=0x00000207e7081774 relative=0x0000000000000554
Event: 332.644 Thread 0x00000207fea01730 Uncommon trap: reason=unstable_if action=reinterpret pc=0x00000207e7081774 method=org.eclipse.jdt.core.dom.DefaultBindingResolver.getVariableBinding(Lorg/eclipse/jdt/internal/compiler/lookup/VariableBinding;)Lorg/eclipse/jdt/core/dom/IVariableBinding; @ 8
Event: 332.644 Thread 0x00000207fea01730 DEOPT PACKING pc=0x00000207e7081774 sp=0x000000fb162fe1a0
Event: 332.644 Thread 0x00000207fea01730 DEOPT UNPACKING pc=0x00000207e5a43aa2 sp=0x000000fb162fe140 mode 2
Event: 332.936 Thread 0x00000207fea01730 DEOPT PACKING pc=0x00000207e0aa3e97 sp=0x000000fb162fdb50
Event: 332.936 Thread 0x00000207fea01730 DEOPT UNPACKING pc=0x00000207e5a44242 sp=0x000000fb162fd010 mode 0
Event: 333.311 Thread 0x00000207fea01730 DEOPT PACKING pc=0x00000207dfe07563 sp=0x000000fb162fddf0
Event: 333.311 Thread 0x00000207fea01730 DEOPT UNPACKING pc=0x00000207e5a44242 sp=0x000000fb162fd2e8 mode 0
Event: 335.179 Thread 0x00000207f6175830 Uncommon trap: trap_request=0xffffff45 fr.pc=0x00000207e65ee9c8 relative=0x00000000000000a8
Event: 335.179 Thread 0x00000207f6175830 Uncommon trap: reason=unstable_if action=reinterpret pc=0x00000207e65ee9c8 method=org.eclipse.jdt.internal.compiler.parser.AbstractCommentParser.readChar()C @ 20 c2
Event: 335.179 Thread 0x00000207f6175830 DEOPT PACKING pc=0x00000207e65ee9c8 sp=0x000000fb128fe140
Event: 335.179 Thread 0x00000207f6175830 DEOPT UNPACKING pc=0x00000207e5a43aa2 sp=0x000000fb128fe0a8 mode 2
Event: 335.515 Thread 0x00000207fe9ffcf0 Uncommon trap: trap_request=0xffffffde fr.pc=0x00000207e7085208 relative=0x0000000000000de8
Event: 335.515 Thread 0x00000207fe9ffcf0 Uncommon trap: reason=class_check action=maybe_recompile pc=0x00000207e7085208 method=org.eclipse.jdt.internal.compiler.ast.TypeReference.internalResolveType(Lorg/eclipse/jdt/internal/compiler/lookup/Scope;I)Lorg/eclipse/jdt/internal/compiler/lookup/TypeB
Event: 335.515 Thread 0x00000207fe9ffcf0 DEOPT PACKING pc=0x00000207e7085208 sp=0x000000fb15efe5f0
Event: 335.515 Thread 0x00000207fe9ffcf0 DEOPT UNPACKING pc=0x00000207e5a43aa2 sp=0x000000fb15efe5d8 mode 2
Event: 335.515 Thread 0x00000207fe9ffcf0 Uncommon trap: trap_request=0xffffff45 fr.pc=0x00000207e6f8a514 relative=0x0000000000001e14
Event: 335.515 Thread 0x00000207fe9ffcf0 Uncommon trap: reason=unstable_if action=reinterpret pc=0x00000207e6f8a514 method=org.eclipse.jdt.internal.compiler.ast.LocalDeclaration.resolve(Lorg/eclipse/jdt/internal/compiler/lookup/BlockScope;)V @ 163 c2
Event: 335.515 Thread 0x00000207fe9ffcf0 DEOPT PACKING pc=0x00000207e6f8a514 sp=0x000000fb15efe6b0
Event: 335.515 Thread 0x00000207fe9ffcf0 DEOPT UNPACKING pc=0x00000207e5a43aa2 sp=0x000000fb15efe670 mode 2

Classes loaded (20 events):
Event: 69.383 Loading class java/lang/Throwable$WrappedPrintWriter
Event: 69.383 Loading class java/lang/Throwable$PrintStreamOrWriter
Event: 69.383 Loading class java/lang/Throwable$PrintStreamOrWriter done
Event: 69.383 Loading class java/lang/Throwable$WrappedPrintWriter done
Event: 69.401 Loading class java/util/stream/ReferencePipeline$15
Event: 69.401 Loading class java/util/stream/ReferencePipeline$15 done
Event: 69.401 Loading class java/util/stream/ReferencePipeline$15$1
Event: 69.401 Loading class java/util/stream/ReferencePipeline$15$1 done
Event: 101.330 Loading class java/util/Spliterators$IntArraySpliterator
Event: 101.330 Loading class java/util/Spliterators$IntArraySpliterator done
Event: 108.956 Loading class jdk/internal/icu/text/NormalizerBase$NFCModeImpl
Event: 108.956 Loading class jdk/internal/icu/text/NormalizerBase$NFCModeImpl done
Event: 108.956 Loading class jdk/internal/icu/impl/Norm2AllModes$NFCSingleton
Event: 108.956 Loading class jdk/internal/icu/impl/Norm2AllModes$NFCSingleton done
Event: 108.956 Loading class java/nio/StringCharBuffer
Event: 108.956 Loading class java/nio/StringCharBuffer done
Event: 206.628 Loading class java/lang/StringLatin1$CharsSpliterator
Event: 206.628 Loading class java/lang/StringLatin1$CharsSpliterator done
Event: 217.058 Loading class java/nio/channels/CompletionHandler
Event: 217.059 Loading class java/nio/channels/CompletionHandler done

Classes unloaded (7 events):
Event: 5.952 Thread 0x00000207f1e37290 Unloading class 0x00000207811acc00 'java/lang/invoke/LambdaForm$MH+0x00000207811acc00'
Event: 5.952 Thread 0x00000207f1e37290 Unloading class 0x00000207811ac800 'java/lang/invoke/LambdaForm$MH+0x00000207811ac800'
Event: 5.952 Thread 0x00000207f1e37290 Unloading class 0x00000207811ac400 'java/lang/invoke/LambdaForm$MH+0x00000207811ac400'
Event: 5.952 Thread 0x00000207f1e37290 Unloading class 0x00000207811ac000 'java/lang/invoke/LambdaForm$MH+0x00000207811ac000'
Event: 5.952 Thread 0x00000207f1e37290 Unloading class 0x00000207811abc00 'java/lang/invoke/LambdaForm$BMH+0x00000207811abc00'
Event: 5.952 Thread 0x00000207f1e37290 Unloading class 0x00000207811ab800 'java/lang/invoke/LambdaForm$DMH+0x00000207811ab800'
Event: 5.952 Thread 0x00000207f1e37290 Unloading class 0x00000207811aa400 'java/lang/invoke/LambdaForm$DMH+0x00000207811aa400'

Classes redefined (0 events):
No events

Internal exceptions (20 events):
Event: 327.881 Thread 0x00000207fe9fcf00 Exception <a 'java/lang/ArrayIndexOutOfBoundsException'{0x00000000d576b350}: Index 2004 out of bounds for length 2003> (0x00000000d576b350) 
thrown [s\src\hotspot\share\interpreter\interpreterRuntime.cpp, line 439]
Event: 329.068 Thread 0x00000207fe9fcf00 Exception <a 'java/lang/IncompatibleClassChangeError'{0x00000000d57b1c18}: Found class java.lang.Object, but interface was expected> (0x00000000d57b1c18) 
thrown [s\src\hotspot\share\interpreter\linkResolver.cpp, line 840]
Event: 329.074 Thread 0x00000207fea01730 Exception <a 'java/lang/ArrayIndexOutOfBoundsException'{0x00000000d56f5050}> (0x00000000d56f5050) 
thrown [s\src\hotspot\share\runtime\sharedRuntime.cpp, line 625]
Event: 329.080 Thread 0x00000207fea01730 Exception <a 'java/lang/ArrayIndexOutOfBoundsException'{0x00000000d55ae4a0}> (0x00000000d55ae4a0) 
thrown [s\src\hotspot\share\runtime\sharedRuntime.cpp, line 625]
Event: 332.035 Thread 0x00000207fea01dc0 Exception <a 'java/lang/ClassNotFoundException'{0x00000000d57342f0}: sun/net/www/protocol/jdt/Handler> (0x00000000d57342f0) 
thrown [s\src\hotspot\share\classfile\systemDictionary.cpp, line 312]
Event: 332.035 Thread 0x00000207fea01dc0 Exception <a 'java/lang/ClassNotFoundException'{0x00000000d5736a88}: sun/net/www/protocol/jdt/Handler> (0x00000000d5736a88) 
thrown [s\src\hotspot\share\classfile\systemDictionary.cpp, line 312]
Event: 332.035 Thread 0x00000207fea01dc0 Exception <a 'java/lang/ClassNotFoundException'{0x00000000d5739220}: sun/net/www/protocol/jdt/Handler> (0x00000000d5739220) 
thrown [s\src\hotspot\share\classfile\systemDictionary.cpp, line 312]
Event: 332.035 Thread 0x00000207fea01dc0 Exception <a 'java/lang/ClassNotFoundException'{0x00000000d573bc28}: sun/net/www/protocol/jdt/Handler> (0x00000000d573bc28) 
thrown [s\src\hotspot\share\classfile\systemDictionary.cpp, line 312]
Event: 332.035 Thread 0x00000207fea01dc0 Exception <a 'java/lang/ClassNotFoundException'{0x00000000d573e3c0}: sun/net/www/protocol/jdt/Handler> (0x00000000d573e3c0) 
thrown [s\src\hotspot\share\classfile\systemDictionary.cpp, line 312]
Event: 332.035 Thread 0x00000207fea01dc0 Exception <a 'java/lang/ClassNotFoundException'{0x00000000d5740b90}: sun/net/www/protocol/jdt/Handler> (0x00000000d5740b90) 
thrown [s\src\hotspot\share\classfile\systemDictionary.cpp, line 312]
Event: 332.035 Thread 0x00000207fea01dc0 Exception <a 'java/lang/ClassNotFoundException'{0x00000000d5743328}: sun/net/www/protocol/jdt/Handler> (0x00000000d5743328) 
thrown [s\src\hotspot\share\classfile\systemDictionary.cpp, line 312]
Event: 332.035 Thread 0x00000207fea01dc0 Exception <a 'java/lang/ClassNotFoundException'{0x00000000d5745ac0}: sun/net/www/protocol/jdt/Handler> (0x00000000d5745ac0) 
thrown [s\src\hotspot\share\classfile\systemDictionary.cpp, line 312]
Event: 332.035 Thread 0x00000207fea01dc0 Exception <a 'java/lang/ClassNotFoundException'{0x00000000d57484f8}: sun/net/www/protocol/jdt/Handler> (0x00000000d57484f8) 
thrown [s\src\hotspot\share\classfile\systemDictionary.cpp, line 312]
Event: 332.035 Thread 0x00000207fea01dc0 Exception <a 'java/lang/ClassNotFoundException'{0x00000000d574ac90}: sun/net/www/protocol/jdt/Handler> (0x00000000d574ac90) 
thrown [s\src\hotspot\share\classfile\systemDictionary.cpp, line 312]
Event: 332.334 Thread 0x00000207fe9fcf00 Exception <a 'java/lang/ArrayIndexOutOfBoundsException'{0x00000000d55e8d58}> (0x00000000d55e8d58) 
thrown [s\src\hotspot\share\runtime\sharedRuntime.cpp, line 625]
Event: 332.360 Thread 0x00000207f6175830 Exception <a 'java/lang/ClassNotFoundException'{0x00000000d5593028}: sun/net/www/protocol/jdt/Handler> (0x00000000d5593028) 
thrown [s\src\hotspot\share\classfile\systemDictionary.cpp, line 312]
Event: 332.360 Thread 0x00000207f6175830 Exception <a 'java/lang/ClassNotFoundException'{0x00000000d55950a8}: sun/net/www/protocol/jdt/Handler> (0x00000000d55950a8) 
thrown [s\src\hotspot\share\classfile\systemDictionary.cpp, line 312]
Event: 335.514 Thread 0x00000207fe9ffcf0 Exception <a 'java/lang/ArrayIndexOutOfBoundsException'{0x00000000d55a4c68}> (0x00000000d55a4c68) 
thrown [s\src\hotspot\share\runtime\sharedRuntime.cpp, line 625]
Event: 335.515 Thread 0x00000207fe9ffcf0 Implicit null exception at 0x00000207e6f88931 to 0x00000207e6f8a504
Event: 335.515 Thread 0x00000207fe9ffcf0 Exception <a 'java/lang/ArrayIndexOutOfBoundsException'{0x00000000d55ed4c8}> (0x00000000d55ed4c8) 
thrown [s\src\hotspot\share\runtime\sharedRuntime.cpp, line 625]

ZGC Phase Switch (0 events):
No events

VM Operations (20 events):
Event: 333.193 Executing VM operation: ParallelGCFailedAllocation (Allocation Failure)
Event: 333.195 Executing VM operation: ParallelGCFailedAllocation (Allocation Failure) done
Event: 333.500 Executing VM operation: ParallelGCFailedAllocation (Allocation Failure)
Event: 333.501 Executing VM operation: ParallelGCFailedAllocation (Allocation Failure) done
Event: 333.764 Executing VM operation: ParallelGCFailedAllocation (Allocation Failure)
Event: 333.765 Executing VM operation: ParallelGCFailedAllocation (Allocation Failure) done
Event: 334.774 Executing VM operation: Cleanup
Event: 334.774 Executing VM operation: Cleanup done
Event: 334.826 Executing VM operation: ParallelGCFailedAllocation (Allocation Failure)
Event: 334.827 Executing VM operation: ParallelGCFailedAllocation (Allocation Failure) done
Event: 335.092 Executing VM operation: ParallelGCFailedAllocation (Allocation Failure)
Event: 335.092 Executing VM operation: ParallelGCFailedAllocation (Allocation Failure) done
Event: 335.254 Executing VM operation: ParallelGCFailedAllocation (Allocation Failure)
Event: 335.255 Executing VM operation: ParallelGCFailedAllocation (Allocation Failure) done
Event: 335.513 Executing VM operation: ParallelGCFailedAllocation (Allocation Failure)
Event: 335.514 Executing VM operation: ParallelGCFailedAllocation (Allocation Failure) done
Event: 335.743 Executing VM operation: ParallelGCFailedAllocation (Allocation Failure)
Event: 335.744 Executing VM operation: ParallelGCFailedAllocation (Allocation Failure) done
Event: 335.865 Executing VM operation: ParallelGCFailedAllocation (Allocation Failure)
Event: 335.866 Executing VM operation: ParallelGCFailedAllocation (Allocation Failure) done

Memory protections (0 events):
No events

Nmethod flushes (20 events):
Event: 163.515 Thread 0x00000207f1e37290 flushing  nmethod 0x00000207df321810
Event: 163.515 Thread 0x00000207f1e37290 flushing  nmethod 0x00000207df323390
Event: 163.515 Thread 0x00000207f1e37290 flushing  nmethod 0x00000207df323e10
Event: 163.515 Thread 0x00000207f1e37290 flushing  nmethod 0x00000207df324690
Event: 163.515 Thread 0x00000207f1e37290 flushing  nmethod 0x00000207df32a990
Event: 163.515 Thread 0x00000207f1e37290 flushing  nmethod 0x00000207df363110
Event: 163.515 Thread 0x00000207f1e37290 flushing  nmethod 0x00000207df364110
Event: 163.515 Thread 0x00000207f1e37290 flushing  nmethod 0x00000207df3dc910
Event: 163.515 Thread 0x00000207f1e37290 flushing  nmethod 0x00000207df3dcd90
Event: 163.515 Thread 0x00000207f1e37290 flushing  nmethod 0x00000207df3e0d10
Event: 163.515 Thread 0x00000207f1e37290 flushing  nmethod 0x00000207df3e1790
Event: 163.515 Thread 0x00000207f1e37290 flushing  nmethod 0x00000207df3e3210
Event: 163.515 Thread 0x00000207f1e37290 flushing  nmethod 0x00000207df3e7910
Event: 163.515 Thread 0x00000207f1e37290 flushing  nmethod 0x00000207df3f3090
Event: 163.515 Thread 0x00000207f1e37290 flushing  nmethod 0x00000207df3f4a90
Event: 163.515 Thread 0x00000207f1e37290 flushing  nmethod 0x00000207df469090
Event: 163.515 Thread 0x00000207f1e37290 flushing osr nmethod 0x00000207df4bef10
Event: 163.515 Thread 0x00000207f1e37290 flushing  nmethod 0x00000207df509910
Event: 163.515 Thread 0x00000207f1e37290 flushing  nmethod 0x00000207df50b010
Event: 163.515 Thread 0x00000207f1e37290 flushing osr nmethod 0x00000207df514f90

Events (20 events):
Event: 228.095 Thread 0x00000207fea093c0 Thread exited: 0x00000207fea093c0
Event: 236.008 Thread 0x00000207c1df7040 Thread exited: 0x00000207c1df7040
Event: 282.969 Thread 0x00000207f6240d50 Thread exited: 0x00000207f6240d50
Event: 315.720 Thread 0x00000207f352e530 Thread added: 0x00000207fea093c0
Event: 315.720 Thread 0x00000207f352e530 Thread added: 0x00000207fea09a90
Event: 315.720 Thread 0x00000207f352e530 Thread added: 0x00000207fea06410
Event: 317.567 Thread 0x00000207fea06410 Thread exited: 0x00000207fea06410
Event: 317.567 Thread 0x00000207fea09a90 Thread exited: 0x00000207fea09a90
Event: 321.515 Thread 0x00000207fea093c0 Thread exited: 0x00000207fea093c0
Event: 322.117 Thread 0x00000207f352e530 Thread added: 0x00000207fea093c0
Event: 322.117 Thread 0x00000207f352e530 Thread added: 0x00000207fea09a90
Event: 322.134 Thread 0x00000207fe9fcf00 Thread added: 0x00000207f6175830
Event: 322.292 Thread 0x00000207fea093c0 Thread exited: 0x00000207fea093c0
Event: 323.163 Thread 0x00000207f352e530 Thread added: 0x00000207fea093c0
Event: 323.324 Thread 0x00000207fea093c0 Thread exited: 0x00000207fea093c0
Event: 327.590 Thread 0x00000207fea09a90 Thread exited: 0x00000207fea09a90
Event: 332.021 Thread 0x00000207f352e530 Thread added: 0x00000207fea093c0
Event: 332.035 Thread 0x00000207f352e530 Thread added: 0x00000207fea06410
Event: 332.339 Thread 0x00000207fea093c0 Thread exited: 0x00000207fea093c0
Event: 336.119 Thread 0x00000207fea06410 Thread exited: 0x00000207fea06410


Dynamic libraries:
0x00007ff6abc60000 - 0x00007ff6abc6e000 	c:\Users\User\.vscode\extensions\redhat.java-1.46.0-win32-x64\jre\21.0.8-win32-x86_64\bin\java.exe
0x00007ffd047a0000 - 0x00007ffd04a08000 	C:\WINDOWS\SYSTEM32\ntdll.dll
0x00007ffd02de0000 - 0x00007ffd02ea9000 	C:\WINDOWS\System32\KERNEL32.DLL
0x00007ffd01b60000 - 0x00007ffd01f52000 	C:\WINDOWS\System32\KERNELBASE.dll
0x00007ffd01f60000 - 0x00007ffd020ab000 	C:\WINDOWS\System32\ucrtbase.dll
0x00007ffced2e0000 - 0x00007ffced2f8000 	c:\Users\User\.vscode\extensions\redhat.java-1.46.0-win32-x64\jre\21.0.8-win32-x86_64\bin\jli.dll
0x00007ffcedc20000 - 0x00007ffcedc3e000 	c:\Users\User\.vscode\extensions\redhat.java-1.46.0-win32-x64\jre\21.0.8-win32-x86_64\bin\VCRUNTIME140.dll
0x00007ffd02650000 - 0x00007ffd02815000 	C:\WINDOWS\System32\USER32.dll
0x00007ffd02330000 - 0x00007ffd02357000 	C:\WINDOWS\System32\win32u.dll
0x00007ffd04180000 - 0x00007ffd041ab000 	C:\WINDOWS\System32\GDI32.dll
0x00007ffd00a40000 - 0x00007ffd00cd3000 	C:\WINDOWS\WinSxS\amd64_microsoft.windows.common-controls_6595b64144ccf1df_6.0.26100.6899_none_3e0efeeae32e88c1\COMCTL32.dll
0x00007ffd020b0000 - 0x00007ffd021dd000 	C:\WINDOWS\System32\gdi32full.dll
0x00007ffd02820000 - 0x00007ffd028c9000 	C:\WINDOWS\System32\msvcrt.dll
0x00007ffd01ab0000 - 0x00007ffd01b53000 	C:\WINDOWS\System32\msvcp_win.dll
0x00007ffd02960000 - 0x00007ffd0298f000 	C:\WINDOWS\System32\IMM32.DLL
0x00007ffcfbaa0000 - 0x00007ffcfbaac000 	c:\Users\User\.vscode\extensions\redhat.java-1.46.0-win32-x64\jre\21.0.8-win32-x86_64\bin\vcruntime140_1.dll
0x00007ffcd4f10000 - 0x00007ffcd4f9d000 	c:\Users\User\.vscode\extensions\redhat.java-1.46.0-win32-x64\jre\21.0.8-win32-x86_64\bin\msvcp140.dll
0x00007ffc8a960000 - 0x00007ffc8b6f7000 	c:\Users\User\.vscode\extensions\redhat.java-1.46.0-win32-x64\jre\21.0.8-win32-x86_64\bin\server\jvm.dll
0x00007ffd041b0000 - 0x00007ffd04264000 	C:\WINDOWS\System32\ADVAPI32.dll
0x00007ffd040d0000 - 0x00007ffd04176000 	C:\WINDOWS\System32\sechost.dll
0x00007ffd02b00000 - 0x00007ffd02c18000 	C:\WINDOWS\System32\RPCRT4.dll
0x00007ffd02a80000 - 0x00007ffd02af4000 	C:\WINDOWS\System32\WS2_32.dll
0x00007ffcfa1f0000 - 0x00007ffcfa1fb000 	C:\WINDOWS\SYSTEM32\VERSION.dll
0x00007ffcf2710000 - 0x00007ffcf2745000 	C:\WINDOWS\SYSTEM32\WINMM.dll
0x00007ffd016e0000 - 0x00007ffd0173e000 	C:\WINDOWS\SYSTEM32\POWRPROF.dll
0x00007ffd016c0000 - 0x00007ffd016d4000 	C:\WINDOWS\SYSTEM32\UMPDC.dll
0x00007ffcffd90000 - 0x00007ffcffdab000 	C:\WINDOWS\SYSTEM32\kernel.appcore.dll
0x00007ffcfba00000 - 0x00007ffcfba0a000 	c:\Users\User\.vscode\extensions\redhat.java-1.46.0-win32-x64\jre\21.0.8-win32-x86_64\bin\jimage.dll
0x00007ffd010f0000 - 0x00007ffd01332000 	C:\WINDOWS\SYSTEM32\DBGHELP.DLL
0x00007ffd04270000 - 0x00007ffd045eb000 	C:\WINDOWS\System32\combase.dll
0x00007ffd02570000 - 0x00007ffd02647000 	C:\WINDOWS\System32\OLEAUT32.dll
0x00007ffd00fe0000 - 0x00007ffd0101c000 	C:\WINDOWS\SYSTEM32\dbgcore.DLL
0x00007ffd02360000 - 0x00007ffd023f8000 	C:\WINDOWS\System32\bcryptPrimitives.dll
0x00007ffcebe50000 - 0x00007ffcebe5f000 	c:\Users\User\.vscode\extensions\redhat.java-1.46.0-win32-x64\jre\21.0.8-win32-x86_64\bin\instrument.dll
0x00007ffcea800000 - 0x00007ffcea81f000 	c:\Users\User\.vscode\extensions\redhat.java-1.46.0-win32-x64\jre\21.0.8-win32-x86_64\bin\java.dll
0x00007ffd03980000 - 0x00007ffd040cd000 	C:\WINDOWS\System32\SHELL32.dll
0x00007ffd02400000 - 0x00007ffd0256b000 	C:\WINDOWS\System32\wintypes.dll
0x00007ffcfeac0000 - 0x00007ffcff31d000 	C:\WINDOWS\SYSTEM32\windows.storage.dll
0x00007ffd03180000 - 0x00007ffd03272000 	C:\WINDOWS\System32\SHCORE.dll
0x00007ffd02d60000 - 0x00007ffd02dc2000 	C:\WINDOWS\System32\shlwapi.dll
0x00007ffd01850000 - 0x00007ffd01879000 	C:\WINDOWS\SYSTEM32\profapi.dll
0x00007ffcea7e0000 - 0x00007ffcea7f8000 	c:\Users\User\.vscode\extensions\redhat.java-1.46.0-win32-x64\jre\21.0.8-win32-x86_64\bin\zip.dll
0x00007ffcebe40000 - 0x00007ffcebe50000 	C:\Users\User\.vscode\extensions\redhat.java-1.46.0-win32-x64\jre\21.0.8-win32-x86_64\bin\net.dll
0x00007ffcfa0a0000 - 0x00007ffcfa1bf000 	C:\WINDOWS\SYSTEM32\WINHTTP.dll
0x00007ffd002a0000 - 0x00007ffd0030b000 	C:\WINDOWS\system32\mswsock.dll
0x00007ffcea4f0000 - 0x00007ffcea506000 	C:\Users\User\.vscode\extensions\redhat.java-1.46.0-win32-x64\jre\21.0.8-win32-x86_64\bin\nio.dll
0x00007ffcea7d0000 - 0x00007ffcea7e0000 	c:\Users\User\.vscode\extensions\redhat.java-1.46.0-win32-x64\jre\21.0.8-win32-x86_64\bin\verify.dll
0x00007ffcd4e70000 - 0x00007ffcd4eb4000 	C:\Users\User\AppData\Roaming\Code\User\globalStorage\redhat.java\1.46.0\config_win\org.eclipse.equinox.launcher\org.eclipse.equinox.launcher.win32.win32.x86_64_1.2.1400.v20250801-0854\eclipse_11916.dll
0x00007ffd02ee0000 - 0x00007ffd03078000 	C:\WINDOWS\System32\ole32.dll
0x00007ffd01460000 - 0x00007ffd0147b000 	C:\WINDOWS\SYSTEM32\CRYPTSP.dll
0x00007ffd00680000 - 0x00007ffd006bb000 	C:\WINDOWS\system32\rsaenh.dll
0x00007ffd00310000 - 0x00007ffd0033b000 	C:\WINDOWS\SYSTEM32\USERENV.dll
0x00007ffd01820000 - 0x00007ffd01846000 	C:\WINDOWS\SYSTEM32\bcrypt.dll
0x00007ffd00660000 - 0x00007ffd0066c000 	C:\WINDOWS\SYSTEM32\CRYPTBASE.dll
0x00007ffcff880000 - 0x00007ffcff8b4000 	C:\WINDOWS\SYSTEM32\IPHLPAPI.DLL
0x00007ffd03970000 - 0x00007ffd0397a000 	C:\WINDOWS\System32\NSI.dll
0x00007ffcd4090000 - 0x00007ffcd40d9000 	C:\Users\User\AppData\Local\Temp\jna-2645995\jna11634125937533117309.dll
0x00007ffd02dd0000 - 0x00007ffd02dd8000 	C:\WINDOWS\System32\PSAPI.DLL
0x00007ffcfa070000 - 0x00007ffcfa08e000 	C:\WINDOWS\SYSTEM32\dhcpcsvc6.DLL
0x00007ffcfa040000 - 0x00007ffcfa063000 	C:\WINDOWS\SYSTEM32\dhcpcsvc.DLL

JVMTI agents:
c:\Users\User\.vscode\extensions\redhat.java-1.46.0-win32-x64\lombok\lombok-1.18.39-4050.jar path:c:\Users\User\.vscode\extensions\redhat.java-1.46.0-win32-x64\jre\21.0.8-win32-x86_64\bin\instrument.dll, loaded, initialized, instrumentlib options:none

dbghelp: loaded successfully - version: 4.0.5 - missing functions: none
symbol engine: initialized successfully - sym options: 0x614 - pdb path: .;c:\Users\User\.vscode\extensions\redhat.java-1.46.0-win32-x64\jre\21.0.8-win32-x86_64\bin;C:\WINDOWS\SYSTEM32;C:\WINDOWS\WinSxS\amd64_microsoft.windows.common-controls_6595b64144ccf1df_6.0.26100.6899_none_3e0efeeae32e88c1;c:\Users\User\.vscode\extensions\redhat.java-1.46.0-win32-x64\jre\21.0.8-win32-x86_64\bin\server;C:\Users\User\AppData\Roaming\Code\User\globalStorage\redhat.java\1.46.0\config_win\org.eclipse.equinox.launcher\org.eclipse.equinox.launcher.win32.win32.x86_64_1.2.1400.v20250801-0854;C:\Users\User\AppData\Local\Temp\jna-2645995

VM Arguments:
jvm_args: --add-modules=ALL-SYSTEM --add-opens=java.base/java.util=ALL-UNNAMED --add-opens=java.base/java.lang=ALL-UNNAMED --add-opens=java.base/sun.nio.fs=ALL-UNNAMED -Declipse.application=org.eclipse.jdt.ls.core.id1 -Dosgi.bundles.defaultStartLevel=4 -Declipse.product=org.eclipse.jdt.ls.core.product -Djava.import.generatesMetadataFilesAtProjectRoot=false -DDetectVMInstallationsJob.disabled=true -Dfile.encoding=utf8 -XX:+UseParallelGC -XX:GCTimeRatio=4 -XX:AdaptiveSizePolicyWeight=90 -Dsun.zip.disableMemoryMapping=true -Xmx2G -Xms100m -Xlog:disable -javaagent:c:\Users\User\.vscode\extensions\redhat.java-1.46.0-win32-x64\lombok\lombok-1.18.39-4050.jar -XX:+HeapDumpOnOutOfMemoryError -XX:HeapDumpPath=c:\Users\User\AppData\Roaming\Code\User\workspaceStorage\bf3adda8f94aa8ad94b22bc328ceb9b2\redhat.java -Daether.dependencyCollector.impl=bf 
java_command: c:\Users\User\.vscode\extensions\redhat.java-1.46.0-win32-x64\server\plugins\org.eclipse.equinox.launcher_1.7.0.v20250519-0528.jar -configuration c:\Users\User\AppData\Roaming\Code\User\globalStorage\redhat.java\1.46.0\config_win -data c:\Users\User\AppData\Roaming\Code\User\workspaceStorage\bf3adda8f94aa8ad94b22bc328ceb9b2\redhat.java\jdt_ws --pipe=\\.\pipe\lsp-ac423103ad6b97e8d187c58e343adf08-sock
java_class_path (initial): c:\Users\User\.vscode\extensions\redhat.java-1.46.0-win32-x64\server\plugins\org.eclipse.equinox.launcher_1.7.0.v20250519-0528.jar
Launcher Type: SUN_STANDARD

[Global flags]
    uintx AdaptiveSizePolicyWeight                 = 90                                        {product} {command line}
     intx CICompilerCount                          = 12                                        {product} {ergonomic}
    uintx GCTimeRatio                              = 4                                         {product} {command line}
     bool HeapDumpOnOutOfMemoryError               = true                                   {manageable} {command line}
    ccstr HeapDumpPath                             = c:\Users\User\AppData\Roaming\Code\User\workspaceStorage\bf3adda8f94aa8ad94b22bc328ceb9b2\redhat.java         {manageable} {command line}
   size_t InitialHeapSize                          = 104857600                                 {product} {command line}
   size_t MaxHeapSize                              = 2147483648                                {product} {command line}
   size_t MaxNewSize                               = 715653120                                 {product} {ergonomic}
   size_t MinHeapDeltaBytes                        = 524288                                    {product} {ergonomic}
   size_t MinHeapSize                              = 104857600                                 {product} {command line}
   size_t NewSize                                  = 34603008                                  {product} {ergonomic}
    uintx NonNMethodCodeHeapSize                   = 7602480                                {pd product} {ergonomic}
    uintx NonProfiledCodeHeapSize                  = 122027880                              {pd product} {ergonomic}
   size_t OldSize                                  = 70254592                                  {product} {ergonomic}
    uintx ProfiledCodeHeapSize                     = 122027880                              {pd product} {ergonomic}
    uintx ReservedCodeCacheSize                    = 251658240                              {pd product} {ergonomic}
     bool SegmentedCodeCache                       = true                                      {product} {ergonomic}
   size_t SoftMaxHeapSize                          = 2147483648                             {manageable} {ergonomic}
     bool UseCompressedOops                        = true                           {product lp64_product} {ergonomic}
     bool UseLargePagesIndividualAllocation        = false                                  {pd product} {ergonomic}
     bool UseParallelGC                            = true                                      {product} {command line}

Logging:
Log output configuration:
 #0: stdout all=off uptime,level,tags foldmultilines=false
 #1: stderr all=off uptime,level,tags foldmultilines=false

Environment Variables:
PATH=C:\Program Files (x86)\NVIDIA Corporation\PhysX\Common;C:\Program Files (x86)\Common Files\Oracle\Java\javapath;C:\WINDOWS\system32;C:\WINDOWS;C:\WINDOWS\System32\Wbem;C:\WINDOWS\System32\WindowsPowerShell\v1.0\;C:\WINDOWS\System32\OpenSSH\;C:\Program Files\dotnet\;C:\Program Files\NVIDIA Corporation\NVIDIA App\NvDLISR;C:\Users\User\AppData\Local\Microsoft\WindowsApps;C:\Users\User\.dotnet\tools;C:\Users\User\AppData\Local\Programs\Microsoft VS Code\bin
USERNAME=User
OS=Windows_NT
PROCESSOR_IDENTIFIER=Intel64 Family 6 Model 183 Stepping 1, GenuineIntel
TMP=C:\Users\User\AppData\Local\Temp
TEMP=C:\Users\User\AppData\Local\Temp




Periodic native trim disabled

---------------  S Y S T E M  ---------------

OS:
 Windows 11 , 64 bit Build 26100 (10.0.26100.6725)
OS uptime: 0 days 0:21 hours
Hyper-V role detected

CPU: total 28 (initial active 28) (14 cores per cpu, 2 threads per core) family 6 model 183 stepping 1 microcode 0x11f, cx8, cmov, fxsr, ht, mmx, 3dnowpref, sse, sse2, sse3, ssse3, sse4.1, sse4.2, popcnt, lzcnt, tsc, tscinvbit, avx, avx2, aes, erms, clmul, bmi1, bmi2, adx, sha, fma, vzeroupper, clflush, clflushopt, clwb, hv, serialize, rdtscp, rdpid, fsrm, f16c, cet_ibt, cet_ss
Processor Information for the first 28 processors :
  Max Mhz: 3400, Current Mhz: 3400, Mhz Limit: 3400

Memory: 4k page, system-wide physical 32509M (21833M free)
TotalPageFile size 34557M (AvailPageFile size 20444M)
current process WorkingSet (physical memory assigned to process): 503M, peak: 503M
current process commit charge ("private bytes"): 606M, peak: 612M

vm_info: OpenJDK 64-Bit Server VM (21.0.8+9-LTS) for windows-amd64 JRE (21.0.8+9-LTS), built on 2025-07-15T00:00:00Z by "admin" with MS VC++ 17.7 (VS2022)

END.
